<?xml version="1.0" encoding="UTF-8"?>
<!-- Generated by org.testng.reporters.JUnitReportReporter -->
<testsuite hostname="DESKTOP-PI0A1DS" failures="0" tests="1" name="rsacademy.ExtenedReport.ExtentReportDemo" time="7.612" errors="0" timestamp="2023-11-03T20:02:51 EDT" skipped="0">
  <testcase classname="rsacademy.ExtenedReport.ExtentReportDemo" name="initialDemo" time="7.612"/>
  <system-out/>
</testsuite> <!-- rsacademy.ExtenedReport.ExtentReportDemo -->
