<?xml version="1.0" encoding="UTF-8"?>
<!-- Generated by org.testng.reporters.JUnitReportReporter -->
<testsuite hostname="DESKTOP-PI0A1DS" failures="0" tests="2" name="rsacademy.ExtenedReport.ExtentreportLearning" time="10.102" errors="0" timestamp="2024-01-19T02:02:09 EST" skipped="0">
  <testcase classname="rsacademy.ExtenedReport.ExtentreportLearning" name="ExtentreportMethod" time="6.799"/>
  <system-out/>
  <testcase classname="rsacademy.ExtenedReport.ExtentreportLearning" name="Screenshotmethod" time="3.303"/>
  <system-out/>
</testsuite> <!-- rsacademy.ExtenedReport.ExtentreportLearning -->
